<?xml version="1.0" encoding="UTF-8"?>
<testsuites>
  <testsuite name="Projet" tests="3" assertions="3" failures="0" errors="0" time="0.042962">
    <testsuite name="ServiceUserTest" file="/home/android/projet/test/unit/serviceusertest.php" tests="1" assertions="1" failures="0" errors="0" time="0.032296">
      <testcase name="testFullName" class="ServiceUserTest" file="/home/android/projet/test/unit/serviceusertest.php" line="16" assertions="1" time="0.032296"/>
    </testsuite>
    <testsuite name="UserTest" file="/home/android/projet/test/unit/usertest.php" tests="2" assertions="2" failures="0" errors="0" time="0.010666">
      <testcase name="testTrue" class="UserTest" file="/home/android/projet/test/unit/usertest.php" line="4" assertions="1" time="0.003727"/>
      <testcase name="testGetPrenom" class="UserTest" file="/home/android/projet/test/unit/usertest.php" line="8" assertions="1" time="0.006939"/>
    </testsuite>
    <testsuite name="integraUserTest" file="/home/android/projet/test/integration/integrausertest.php" tests="0" assertions="0" failures="0" errors="0" time="0.000000"/>
  </testsuite>
</testsuites>
